生成启动时间为 2021/8/3 22:39:04。
     1>项目“C:\360安全浏览器下载\C++Code\text8-3\text8-3\text8-3.vcxproj”在节点 2 上(build 个目标)。
     1>InitializeBuildStatus:
         正在对“Debug\text8-3.unsuccessfulbuild”执行 Touch 任务。
       ClCompile:
         所有输出均为最新。
         所有输出均为最新。
       Link:
         c:\Program Files (x86)\Microsoft Visual Studio 10.0\VC\bin\link.exe /ERRORREPORT:PROMPT /OUT:"C:\360安全浏览器下载\C++Code\text8-3\Debug\text8-3.exe" /NOLOGO kernel32.lib user32.lib gdi32.lib winspool.lib comdlg32.lib advapi32.lib shell32.lib ole32.lib oleaut32.lib uuid.lib odbc32.lib odbccp32.lib /MANIFEST /ManifestFile:"Debug\text8-3.exe.intermediate.manifest" /MANIFESTUAC:"level='asInvoker' uiAccess='false'" /DEBUG /PDB:"C:\360安全浏览器下载\C++Code\text8-3\Debug\text8-3.pdb" /SUBSYSTEM:CONSOLE /TLBID:1 /DYNAMICBASE /NXCOMPAT /IMPLIB:"C:\360安全浏览器下载\C++Code\text8-3\Debug\text8-3.lib" /MACHINE:X86 "Debug\1-5.obj"
         Debug\text.obj
     1>text.obj : error LNK2005: _main 已经在 1-5.obj 中定义
     1>1-5.obj : error LNK2001: 无法解析的外部符号 "int g_val" (?g_val@@3HA)
     1>C:\360安全浏览器下载\C++Code\text8-3\Debug\text8-3.exe : fatal error LNK1120: 1 个无法解析的外部命令
     1>已完成生成项目“C:\360安全浏览器下载\C++Code\text8-3\text8-3\text8-3.vcxproj”(build 个目标)的操作 - 失败。

生成失败。

已用时间 00:00:00.15
